<?xml version="1.0" encoding="UTF-8"?>
<!-- Generated by org.testng.reporters.JUnitReportReporter -->
<testsuite hostname="Ripna_John" failures="0" tests="5" name="RestAssure.Beeceptor" time="3.657" errors="0" timestamp="2024-07-15T15:31:04 IST" skipped="4">
  <testcase classname="RestAssure.Beeceptor" name="UpdateHook" time="3.657"/>
  <system-out/>
  <testcase classname="RestAssure.Beeceptor" name="getAllRecipes">
    <skipped/>
  </testcase> <!-- getAllRecipes -->
  <system-out/>
  <testcase classname="RestAssure.Beeceptor" name="GetSingleHook">
    <skipped/>
  </testcase> <!-- GetSingleHook -->
  <system-out/>
  <testcase classname="RestAssure.Beeceptor" name="GetHooks">
    <skipped/>
  </testcase> <!-- GetHooks -->
  <system-out/>
  <testcase classname="RestAssure.Beeceptor" name="DeleteHook">
    <skipped/>
  </testcase> <!-- DeleteHook -->
  <system-out/>
</testsuite> <!-- RestAssure.Beeceptor -->
